<?xml version="1.0" encoding="UTF-8"?>
<!-- Generated by org.testng.reporters.JUnitXMLReporter -->
<testsuite hostname="DESKTOP-E8B2JUG" ignored="0" name="Test" tests="4" failures="0" timestamp="2021-12-30T19:07:21 SGT" time="0.096" errors="0">
  <testcase name="IOSApps" time="0.009" classname="qaclickacademy.Mavenjava.AppuimTest"/>
  <testcase name="NativeAppAndroid" time="0.0" classname="qaclickacademy.Mavenjava.AppuimTest"/>
  <testcase name="deleteTwitter" time="0.001" classname="qaclickacademy.Mavenjava.RESRAPITest"/>
  <testcase name="postJira" time="0.001" classname="qaclickacademy.Mavenjava.RESRAPITest"/>
</testsuite> <!-- Test -->
