<?xml version="1.0" encoding="UTF-8"?>
<testng-results skipped="0" failed="0" ignored="0" total="4" passed="4">
  <reporter-output>
  </reporter-output>
  <suite name="Suite" duration-ms="96" started-at="2021-12-30T19:07:21 SGT" finished-at="2021-12-30T19:07:21 SGT">
    <groups>
    </groups>
    <test name="Test" duration-ms="96" started-at="2021-12-30T19:07:21 SGT" finished-at="2021-12-30T19:07:21 SGT">
      <class name="qaclickacademy.Mavenjava.RESRAPITest">
        <test-method status="PASS" signature="deleteTwitter()[pri:0, instance:qaclickacademy.Mavenjava.RESRAPITest@33c7e1bb]" name="deleteTwitter" duration-ms="1" started-at="2021-12-30T19:07:21 SGT" finished-at="2021-12-30T19:07:21 SGT">
          <reporter-output>
          </reporter-output>
        </test-method> <!-- deleteTwitter -->
        <test-method status="PASS" signature="postJira()[pri:0, instance:qaclickacademy.Mavenjava.RESRAPITest@33c7e1bb]" name="postJira" duration-ms="1" started-at="2021-12-30T19:07:21 SGT" finished-at="2021-12-30T19:07:21 SGT">
          <reporter-output>
          </reporter-output>
        </test-method> <!-- postJira -->
      </class> <!-- qaclickacademy.Mavenjava.RESRAPITest -->
      <class name="qaclickacademy.Mavenjava.AppuimTest">
        <test-method status="PASS" signature="IOSApps()[pri:0, instance:qaclickacademy.Mavenjava.AppuimTest@57e1b0c]" name="IOSApps" duration-ms="9" started-at="2021-12-30T19:07:21 SGT" finished-at="2021-12-30T19:07:21 SGT">
          <reporter-output>
          </reporter-output>
        </test-method> <!-- IOSApps -->
        <test-method status="PASS" signature="NativeAppAndroid()[pri:0, instance:qaclickacademy.Mavenjava.AppuimTest@57e1b0c]" name="NativeAppAndroid" duration-ms="0" started-at="2021-12-30T19:07:21 SGT" finished-at="2021-12-30T19:07:21 SGT">
          <reporter-output>
          </reporter-output>
        </test-method> <!-- NativeAppAndroid -->
      </class> <!-- qaclickacademy.Mavenjava.AppuimTest -->
    </test> <!-- Test -->
  </suite> <!-- Suite -->
</testng-results>
