<?xml version="1.0" encoding="UTF-8"?>
<testng-results ignored="0" total="1" passed="1" failed="0" skipped="0">
  <reporter-output>
  </reporter-output>
  <suite started-at="2021-12-30T14:03:10 PST" name="Default suite" finished-at="2021-12-30T14:03:10 PST" duration-ms="92">
    <groups>
    </groups>
    <test started-at="2021-12-30T14:03:10 PST" name="Default test" finished-at="2021-12-30T14:03:10 PST" duration-ms="92">
      <class name="qaclickacademy.Mavenjava.RESRAPITest">
        <test-method signature="BrowserAutomation()[pri:0, instance:qaclickacademy.Mavenjava.RESRAPITest@7671cb68]" started-at="2021-12-30T14:03:10 PST" name="BrowserAutomation" finished-at="2021-12-30T14:03:10 PST" duration-ms="15" status="PASS">
          <reporter-output>
          </reporter-output>
        </test-method> <!-- BrowserAutomation -->
      </class> <!-- qaclickacademy.Mavenjava.RESRAPITest -->
    </test> <!-- Default test -->
  </suite> <!-- Default suite -->
</testng-results>
